<?xml version="1.0" encoding="UTF-8"?>
<testsuite name="yoyoHadoopCh6.v1.MaxTemperatureMapperTest" time="0.017" tests="1" errors="1" skipped="0" failures="0">
  <properties>
[...]
</properties>
  <testcase name="processesValidRecord" classname="yoyoHadoopCh6.v1.MaxTemperatureMapperTest" time="0.017">
    <error message="org.xml.sax.SAXParseException; systemId: file:/home/yoyohadoop3/IdeaProjects/yoyoJava/target/classes/mapred-site.xml; lineNumber: 2; columnNumber: 6; The processing instruction target matching &quot;[xX][mM][lL]&quot; is not allowed." type="java.lang.RuntimeException"><![CDATA[java.lang.RuntimeException: org.xml.sax.SAXParseException; systemId: file:/home/yoyohadoop3/IdeaProjects/yoyoJava/target/classes/mapred-site.xml; lineNumber: 2; columnNumber: 6; The processing instruction target matching "[xX][mM][lL]" is not allowed.
	at com.sun.org.apache.xerces.internal.parsers.DOMParser.parse(DOMParser.java:257)
	at com.sun.org.apache.xerces.internal.jaxp.DocumentBuilderImpl.parse(DocumentBuilderImpl.java:339)
	at javax.xml.parsers.DocumentBuilder.parse(DocumentBuilder.java:150)
	at org.apache.hadoop.conf.Configuration.parse(Configuration.java:2183)
	at org.apache.hadoop.conf.Configuration.parse(Configuration.java:2171)
	at org.apache.hadoop.conf.Configuration.loadResource(Configuration.java:2242)
	at org.apache.hadoop.conf.Configuration.loadResources(Configuration.java:2195)
	at org.apache.hadoop.conf.Configuration.getProps(Configuration.java:2112)
	at org.apache.hadoop.conf.Configuration.get(Configuration.java:858)
	at org.apache.hadoop.conf.Configuration.getStrings(Configuration.java:1695)
	at org.apache.hadoop.io.serializer.SerializationFactory.<init>(SerializationFactory.java:58)
	at org.apache.hadoop.mrunit.internal.io.Serialization.<init>(Serialization.java:39)
	at org.apache.hadoop.mrunit.TestDriver.getSerialization(TestDriver.java:530)
	at org.apache.hadoop.mrunit.TestDriver.copy(TestDriver.java:675)
	at org.apache.hadoop.mrunit.TestDriver.copyPair(TestDriver.java:679)
	at org.apache.hadoop.mrunit.MapDriverBase.addInput(MapDriverBase.java:120)
	at org.apache.hadoop.mrunit.MapDriverBase.withInput(MapDriverBase.java:210)
	at yoyoHadoopCh6.v1.MaxTemperatureMapperTest.processesValidRecord(MaxTemperatureMapperTest.java:19)
]]></error>
    <system-out><![CDATA[2018-06-09 08:34:50,681 FATAL [main] conf.Configuration (Configuration.java:loadResource(2347)) - error parsing conf mapred-site.xml
org.xml.sax.SAXParseException; systemId: file:/home/yoyohadoop3/IdeaProjects/yoyoJava/target/classes/mapred-site.xml; lineNumber: 2; columnNumber: 6; The processing instruction target matching "[xX][mM][lL]" is not allowed.
	at com.sun.org.apache.xerces.internal.parsers.DOMParser.parse(DOMParser.java:257)
	at com.sun.org.apache.xerces.internal.jaxp.DocumentBuilderImpl.parse(DocumentBuilderImpl.java:339)
	at javax.xml.parsers.DocumentBuilder.parse(DocumentBuilder.java:150)
	at org.apache.hadoop.conf.Configuration.parse(Configuration.java:2183)
	at org.apache.hadoop.conf.Configuration.parse(Configuration.java:2171)
	at org.apache.hadoop.conf.Configuration.loadResource(Configuration.java:2242)
	at org.apache.hadoop.conf.Configuration.loadResources(Configuration.java:2195)
	at org.apache.hadoop.conf.Configuration.getProps(Configuration.java:2112)
	at org.apache.hadoop.conf.Configuration.get(Configuration.java:858)
	at org.apache.hadoop.conf.Configuration.getStrings(Configuration.java:1695)
	at org.apache.hadoop.io.serializer.SerializationFactory.<init>(SerializationFactory.java:58)
	at org.apache.hadoop.mrunit.internal.io.Serialization.<init>(Serialization.java:39)
	at org.apache.hadoop.mrunit.TestDriver.getSerialization(TestDriver.java:530)
	at org.apache.hadoop.mrunit.TestDriver.copy(TestDriver.java:675)
	at org.apache.hadoop.mrunit.TestDriver.copyPair(TestDriver.java:679)
	at org.apache.hadoop.mrunit.MapDriverBase.addInput(MapDriverBase.java:120)
	at org.apache.hadoop.mrunit.MapDriverBase.withInput(MapDriverBase.java:210)
	at yoyoHadoopCh6.v1.MaxTemperatureMapperTest.processesValidRecord(MaxTemperatureMapperTest.java:19)
	at sun.reflect.NativeMethodAccessorImpl.invoke0(Native Method)
	at sun.reflect.NativeMethodAccessorImpl.invoke(NativeMethodAccessorImpl.java:62)
	at sun.reflect.DelegatingMethodAccessorImpl.invoke(DelegatingMethodAccessorImpl.java:43)
	at java.lang.reflect.Method.invoke(Method.java:498)
	at org.junit.runners.model.FrameworkMethod$1.runReflectiveCall(FrameworkMethod.java:47)
	at org.junit.internal.runners.model.ReflectiveCallable.run(ReflectiveCallable.java:12)
	at org.junit.runners.model.FrameworkMethod.invokeExplosively(FrameworkMethod.java:44)
	at org.junit.internal.runners.statements.InvokeMethod.evaluate(InvokeMethod.java:17)
	at org.junit.runners.ParentRunner.runLeaf(ParentRunner.java:271)
	at org.junit.runners.BlockJUnit4ClassRunner.runChild(BlockJUnit4ClassRunner.java:70)
	at org.junit.runners.BlockJUnit4ClassRunner.runChild(BlockJUnit4ClassRunner.java:50)
	at org.junit.runners.ParentRunner$3.run(ParentRunner.java:238)
	at org.junit.runners.ParentRunner$1.schedule(ParentRunner.java:63)
	at org.junit.runners.ParentRunner.runChildren(ParentRunner.java:236)
	at org.junit.runners.ParentRunner.access$000(ParentRunner.java:53)
	at org.junit.runners.ParentRunner$2.evaluate(ParentRunner.java:229)
	at org.junit.runners.ParentRunner.run(ParentRunner.java:309)
	at org.apache.maven.surefire.junit4.JUnit4Provider.execute(JUnit4Provider.java:264)
	at org.apache.maven.surefire.junit4.JUnit4Provider.executeTestSet(JUnit4Provider.java:153)
	at org.apache.maven.surefire.junit4.JUnit4Provider.invoke(JUnit4Provider.java:124)
	at org.apache.maven.surefire.booter.ForkedBooter.invokeProviderInSameClassLoader(ForkedBooter.java:200)
	at org.apache.maven.surefire.booter.ForkedBooter.runSuitesInProcess(ForkedBooter.java:153)
	at org.apache.maven.surefire.booter.ForkedBooter.main(ForkedBooter.java:103)
]]></system-out>
    <system-err><![CDATA[[Fatal Error] mapred-site.xml:2:6: The processing instruction target matching "[xX][mM][lL]" is not allowed.
]]></system-err>
  </testcase>
</testsuite>