<?xml version="1.0" encoding="UTF-8"?>
<testsuite name="yoyoHadoopCh6.v1.MaxTemperatureMapperTest" time="0.017" tests="1" errors="1" skipped="0" failures="0">
  <properties>
    <property name="java.runtime.name" value="Java(TM) SE Runtime Environment"/>
    <property name="sun.boot.library.path" value="/opt/jdk1.8.0_171/jre/lib/amd64"/>
    <property name="java.vm.version" value="25.171-b11"/>
    <property name="java.vm.vendor" value="Oracle Corporation"/>
    <property name="maven.multiModuleProjectDirectory" value="/home/yoyohadoop3/IdeaProjects/yoyoJava"/>
    <property name="java.vendor.url" value="http://java.oracle.com/"/>
    <property name="path.separator" value=":"/>
    <property name="guice.disable.misplaced.annotation.check" value="true"/>
    <property name="java.vm.name" value="Java HotSpot(TM) 64-Bit Server VM"/>
    <property name="file.encoding.pkg" value="sun.io"/>
    <property name="user.country" value="US"/>
    <property name="sun.java.launcher" value="SUN_STANDARD"/>
    <property name="sun.os.patch.level" value="unknown"/>
    <property name="java.vm.specification.name" value="Java Virtual Machine Specification"/>
    <property name="user.dir" value="/home/yoyohadoop3/IdeaProjects/yoyoJava"/>
    <property name="java.runtime.version" value="1.8.0_171-b11"/>
    <property name="java.awt.graphicsenv" value="sun.awt.X11GraphicsEnvironment"/>
    <property name="java.endorsed.dirs" value="/opt/jdk1.8.0_171/jre/lib/endorsed"/>
    <property name="os.arch" value="amd64"/>
    <property name="java.io.tmpdir" value="/tmp"/>
    <property name="line.separator" value="&#10;"/>
    <property name="java.vm.specification.vendor" value="Oracle Corporation"/>
    <property name="os.name" value="Linux"/>
    <property name="classworlds.conf" value="/usr/share/maven/bin/m2.conf"/>
    <property name="sun.jnu.encoding" value="UTF-8"/>
    <property name="java.library.path" value="/usr/java/packages/lib/amd64:/usr/lib64:/lib64:/lib:/usr/lib"/>
    <property name="java.specification.name" value="Java Platform API Specification"/>
    <property name="java.class.version" value="52.0"/>
    <property name="sun.management.compiler" value="HotSpot 64-Bit Tiered Compilers"/>
    <property name="os.version" value="4.13.0-43-generic"/>
    <property name="user.home" value="/home/yoyohadoop3"/>
    <property name="user.timezone" value="America/Los_Angeles"/>
    <property name="java.awt.printerjob" value="sun.print.PSPrinterJob"/>
    <property name="file.encoding" value="UTF-8"/>
    <property name="java.specification.version" value="1.8"/>
    <property name="user.name" value="yoyohadoop3"/>
    <property name="java.class.path" value="/usr/share/maven/boot/plexus-classworlds-2.x.jar"/>
    <property name="java.vm.specification.version" value="1.8"/>
    <property name="sun.arch.data.model" value="64"/>
    <property name="java.home" value="/opt/jdk1.8.0_171/jre"/>
    <property name="sun.java.command" value="org.codehaus.plexus.classworlds.launcher.Launcher package -DskipTest"/>
    <property name="java.specification.vendor" value="Oracle Corporation"/>
    <property name="user.language" value="en"/>
    <property name="awt.toolkit" value="sun.awt.X11.XToolkit"/>
    <property name="java.vm.info" value="mixed mode"/>
    <property name="java.version" value="1.8.0_171"/>
    <property name="java.ext.dirs" value="/opt/jdk1.8.0_171/jre/lib/ext:/usr/java/packages/lib/ext"/>
    <property name="securerandom.source" value="file:/dev/./urandom"/>
    <property name="sun.boot.class.path" value="/opt/jdk1.8.0_171/jre/lib/resources.jar:/opt/jdk1.8.0_171/jre/lib/rt.jar:/opt/jdk1.8.0_171/jre/lib/sunrsasign.jar:/opt/jdk1.8.0_171/jre/lib/jsse.jar:/opt/jdk1.8.0_171/jre/lib/jce.jar:/opt/jdk1.8.0_171/jre/lib/charsets.jar:/opt/jdk1.8.0_171/jre/lib/jfr.jar:/opt/jdk1.8.0_171/jre/classes"/>
    <property name="java.vendor" value="Oracle Corporation"/>
    <property name="skipTest" value="true"/>
    <property name="maven.home" value="/usr/share/maven"/>
    <property name="file.separator" value="/"/>
    <property name="java.vendor.url.bug" value="http://bugreport.sun.com/bugreport/"/>
    <property name="sun.cpu.endian" value="little"/>
    <property name="sun.io.unicode.encoding" value="UnicodeLittle"/>
    <property name="sun.desktop" value="gnome"/>
    <property name="sun.cpu.isalist" value=""/>
  </properties>
  <testcase name="processesValidRecord" classname="yoyoHadoopCh6.v1.MaxTemperatureMapperTest" time="0.017">
    <error message="org.xml.sax.SAXParseException; systemId: file:/home/yoyohadoop3/IdeaProjects/yoyoJava/target/classes/mapred-site.xml; lineNumber: 2; columnNumber: 6; The processing instruction target matching &quot;[xX][mM][lL]&quot; is not allowed." type="java.lang.RuntimeException"><![CDATA[java.lang.RuntimeException: org.xml.sax.SAXParseException; systemId: file:/home/yoyohadoop3/IdeaProjects/yoyoJava/target/classes/mapred-site.xml; lineNumber: 2; columnNumber: 6; The processing instruction target matching "[xX][mM][lL]" is not allowed.
	at com.sun.org.apache.xerces.internal.parsers.DOMParser.parse(DOMParser.java:257)
	at com.sun.org.apache.xerces.internal.jaxp.DocumentBuilderImpl.parse(DocumentBuilderImpl.java:339)
	at javax.xml.parsers.DocumentBuilder.parse(DocumentBuilder.java:150)
	at org.apache.hadoop.conf.Configuration.parse(Configuration.java:2183)
	at org.apache.hadoop.conf.Configuration.parse(Configuration.java:2171)
	at org.apache.hadoop.conf.Configuration.loadResource(Configuration.java:2242)
	at org.apache.hadoop.conf.Configuration.loadResources(Configuration.java:2195)
	at org.apache.hadoop.conf.Configuration.getProps(Configuration.java:2112)
	at org.apache.hadoop.conf.Configuration.get(Configuration.java:858)
	at org.apache.hadoop.conf.Configuration.getStrings(Configuration.java:1695)
	at org.apache.hadoop.io.serializer.SerializationFactory.<init>(SerializationFactory.java:58)
	at org.apache.hadoop.mrunit.internal.io.Serialization.<init>(Serialization.java:39)
	at org.apache.hadoop.mrunit.TestDriver.getSerialization(TestDriver.java:530)
	at org.apache.hadoop.mrunit.TestDriver.copy(TestDriver.java:675)
	at org.apache.hadoop.mrunit.TestDriver.copyPair(TestDriver.java:679)
	at org.apache.hadoop.mrunit.MapDriverBase.addInput(MapDriverBase.java:120)
	at org.apache.hadoop.mrunit.MapDriverBase.withInput(MapDriverBase.java:210)
	at yoyoHadoopCh6.v1.MaxTemperatureMapperTest.processesValidRecord(MaxTemperatureMapperTest.java:19)
]]></error>
    <system-out><![CDATA[2018-06-09 08:34:50,681 FATAL [main] conf.Configuration (Configuration.java:loadResource(2347)) - error parsing conf mapred-site.xml
org.xml.sax.SAXParseException; systemId: file:/home/yoyohadoop3/IdeaProjects/yoyoJava/target/classes/mapred-site.xml; lineNumber: 2; columnNumber: 6; The processing instruction target matching "[xX][mM][lL]" is not allowed.
	at com.sun.org.apache.xerces.internal.parsers.DOMParser.parse(DOMParser.java:257)
	at com.sun.org.apache.xerces.internal.jaxp.DocumentBuilderImpl.parse(DocumentBuilderImpl.java:339)
	at javax.xml.parsers.DocumentBuilder.parse(DocumentBuilder.java:150)
	at org.apache.hadoop.conf.Configuration.parse(Configuration.java:2183)
	at org.apache.hadoop.conf.Configuration.parse(Configuration.java:2171)
	at org.apache.hadoop.conf.Configuration.loadResource(Configuration.java:2242)
	at org.apache.hadoop.conf.Configuration.loadResources(Configuration.java:2195)
	at org.apache.hadoop.conf.Configuration.getProps(Configuration.java:2112)
	at org.apache.hadoop.conf.Configuration.get(Configuration.java:858)
	at org.apache.hadoop.conf.Configuration.getStrings(Configuration.java:1695)
	at org.apache.hadoop.io.serializer.SerializationFactory.<init>(SerializationFactory.java:58)
	at org.apache.hadoop.mrunit.internal.io.Serialization.<init>(Serialization.java:39)
	at org.apache.hadoop.mrunit.TestDriver.getSerialization(TestDriver.java:530)
	at org.apache.hadoop.mrunit.TestDriver.copy(TestDriver.java:675)
	at org.apache.hadoop.mrunit.TestDriver.copyPair(TestDriver.java:679)
	at org.apache.hadoop.mrunit.MapDriverBase.addInput(MapDriverBase.java:120)
	at org.apache.hadoop.mrunit.MapDriverBase.withInput(MapDriverBase.java:210)
	at yoyoHadoopCh6.v1.MaxTemperatureMapperTest.processesValidRecord(MaxTemperatureMapperTest.java:19)
	at sun.reflect.NativeMethodAccessorImpl.invoke0(Native Method)
	at sun.reflect.NativeMethodAccessorImpl.invoke(NativeMethodAccessorImpl.java:62)
	at sun.reflect.DelegatingMethodAccessorImpl.invoke(DelegatingMethodAccessorImpl.java:43)
	at java.lang.reflect.Method.invoke(Method.java:498)
	at org.junit.runners.model.FrameworkMethod$1.runReflectiveCall(FrameworkMethod.java:47)
	at org.junit.internal.runners.model.ReflectiveCallable.run(ReflectiveCallable.java:12)
	at org.junit.runners.model.FrameworkMethod.invokeExplosively(FrameworkMethod.java:44)
	at org.junit.internal.runners.statements.InvokeMethod.evaluate(InvokeMethod.java:17)
	at org.junit.runners.ParentRunner.runLeaf(ParentRunner.java:271)
	at org.junit.runners.BlockJUnit4ClassRunner.runChild(BlockJUnit4ClassRunner.java:70)
	at org.junit.runners.BlockJUnit4ClassRunner.runChild(BlockJUnit4ClassRunner.java:50)
	at org.junit.runners.ParentRunner$3.run(ParentRunner.java:238)
	at org.junit.runners.ParentRunner$1.schedule(ParentRunner.java:63)
	at org.junit.runners.ParentRunner.runChildren(ParentRunner.java:236)
	at org.junit.runners.ParentRunner.access$000(ParentRunner.java:53)
	at org.junit.runners.ParentRunner$2.evaluate(ParentRunner.java:229)
	at org.junit.runners.ParentRunner.run(ParentRunner.java:309)
	at org.apache.maven.surefire.junit4.JUnit4Provider.execute(JUnit4Provider.java:264)
	at org.apache.maven.surefire.junit4.JUnit4Provider.executeTestSet(JUnit4Provider.java:153)
	at org.apache.maven.surefire.junit4.JUnit4Provider.invoke(JUnit4Provider.java:124)
	at org.apache.maven.surefire.booter.ForkedBooter.invokeProviderInSameClassLoader(ForkedBooter.java:200)
	at org.apache.maven.surefire.booter.ForkedBooter.runSuitesInProcess(ForkedBooter.java:153)
	at org.apache.maven.surefire.booter.ForkedBooter.main(ForkedBooter.java:103)
]]></system-out>
    <system-err><![CDATA[[Fatal Error] mapred-site.xml:2:6: The processing instruction target matching "[xX][mM][lL]" is not allowed.
]]></system-err>
  </testcase>
</testsuite>